specinvoke r4356
 Invoked as: specinvoke
timer ticks over every 1000 ns
 Environment in effect for these runs:
 # 1: MODULE_VERSION_STACK=3.2.10
 # 2: MANPATH=:/sw/centos/python/3.6.2/share/man:/sw/centos/gcc/current/man:/opt/puppetlabs/puppet/share/man
 # 3: SSH_AGENT_PID=25197
 # 4: XDG_SESSION_ID=15972
 # 5: DBUS_STARTER_ADDRESS=unix:abstract=/tmp/dbus-sqoZLsuL0r,guid=18d0e75fbc291afba3a8bfcf60ee890e
 # 6: HOSTNAME=labsrv04
 # 7: NX_CLIENT=/usr/NX/bin/nxclient
 # 8: TERM=xterm-256color
 # 9: VTE_VERSION=5202
 #10: XDG_MENU_PREFIX=gnome-
 #11: SHELL=/bin/bash
 #12: HISTSIZE=1000
 #13: LIBRARY_PATH=/usr/lib/x86_64-linux-gnu:/lib/x86_64-linux-gnu:/usr/lib/x86_64-linux-gnu:/lib/x86_64-linux-gnu:
 #14: GNOME_TERMINAL_SCREEN=/org/gnome/Terminal/screen/47f56dee_fa6b_431e_80e3_4d66cfbf0490
 #15: SPECPERLLIB=/u/aa8qz/lava/spec_2017/bin/lib:/u/aa8qz/lava/spec_2017/bin
 #16: QTDIR=/usr/lib64/qt-3.3
 #17: PULSE_CONFIG=/usr/NX/var/run/nxdevice/D-1006-9E7C4421EA9BAC5F1CE00AEA2C8E4D80/audio/daemon.conf
 #18: QTINC=/usr/lib64/qt-3.3/include
 #19: LC_ALL=C
 #20: PULSE_SERVER=/usr/NX/var/run/nxdevice/D-1006-9E7C4421EA9BAC5F1CE00AEA2C8E4D80/audio/native.socket
 #21: QT_GRAPHICSSYSTEM_CHECKED=1
 #22: USER=aa8qz
 #23: NX_SESSION_ID=9E7C4421EA9BAC5F1CE00AEA2C8E4D80
 #24: LS_COLORS=rs=0:di=38;5;27:ln=38;5;51:mh=44;38;5;15:pi=40;38;5;11:so=38;5;13:do=38;5;5:bd=48;5;232;38;5;11:cd=48;5;232;38;5;3:or=48;5;232;38;5;9:mi=05;48;5;232;38;5;15:su=48;5;196;38;5;15:sg=48;5;11;38;5;16:ca=48;5;196;38;5;226:tw=48;5;10;38;5;16:ow=48;5;10;38;5;21:st=48;5;21;38;5;15:ex=38;5;34:*.tar=38;5;9:*.tgz=38;5;9:*.arc=38;5;9:*.arj=38;5;9:*.taz=38;5;9:*.lha=38;5;9:*.lz4=38;5;9:*.lzh=38;5;9:*.lzma=38;5;9:*.tlz=38;5;9:*.txz=38;5;9:*.tzo=38;5;9:*.t7z=38;5;9:*.zip=38;5;9:*.z=38;5;9:*.Z=38;5;9:*.dz=38;5;9:*.gz=38;5;9:*.lrz=38;5;9:*.lz=38;5;9:*.lzo=38;5;9:*.xz=38;5;9:*.bz2=38;5;9:*.bz=38;5;9:*.tbz=38;5;9:*.tbz2=38;5;9:*.tz=38;5;9:*.deb=38;5;9:*.rpm=38;5;9:*.jar=38;5;9:*.war=38;5;9:*.ear=38;5;9:*.sar=38;5;9:*.rar=38;5;9:*.alz=38;5;9:*.ace=38;5;9:*.zoo=38;5;9:*.cpio=38;5;9:*.7z=38;5;9:*.rz=38;5;9:*.cab=38;5;9:*.jpg=38;5;13:*.jpeg=38;5;13:*.gif=38;5;13:*.bmp=38;5;13:*.pbm=38;5;13:*.pgm=38;5;13:*.ppm=38;5;13:*.tga=38;5;13:*.xbm=38;5;13:*.xpm=38;5;13:*.tif=38;5;13:*.tiff=38;5;13:*.png=38;5;13:*.svg=38;5;13:*.svgz=38;5;13:*.mng=38;5;13:*.pcx=38;5;13:*.mov=38;5;13:*.mpg=38;5;13:*.mpeg=38;5;13:*.m2v=38;5;13:*.mkv=38;5;13:*.webm=38;5;13:*.ogm=38;5;13:*.mp4=38;5;13:*.m4v=38;5;13:*.mp4v=38;5;13:*.vob=38;5;13:*.qt=38;5;13:*.nuv=38;5;13:*.wmv=38;5;13:*.asf=38;5;13:*.rm=38;5;13:*.rmvb=38;5;13:*.flc=38;5;13:*.avi=38;5;13:*.fli=38;5;13:*.flv=38;5;13:*.gl=38;5;13:*.dl=38;5;13:*.xcf=38;5;13:*.xwd=38;5;13:*.yuv=38;5;13:*.cgm=38;5;13:*.emf=38;5;13:*.axv=38;5;13:*.anx=38;5;13:*.ogv=38;5;13:*.ogx=38;5;13:*.aac=38;5;45:*.au=38;5;45:*.flac=38;5;45:*.mid=38;5;45:*.midi=38;5;45:*.mka=38;5;45:*.mp3=38;5;45:*.mpc=38;5;45:*.ogg=38;5;45:*.ra=38;5;45:*.wav=38;5;45:*.axa=38;5;45:*.oga=38;5;45:*.spx=38;5;45:*.xspf=38;5;45:
 #25: LD_LIBRARY_PATH=/usr/lib/x86_64-linux-gnu:/lib/x86_64-linux-gnu:/sw/centos/python/3.6.2/lib:/sw/centos/gcc/current/lib64
 #26: GNOME_TERMINAL_SERVICE=:1.151
 #27: SSH_AUTH_SOCK=/run/user/1364169/keyring/ssh
 #28: SESSION_MANAGER=local/unix:@/tmp/.ICE-unix/25066,unix/unix:/tmp/.ICE-unix/25066
 #29: USERNAME=aa8qz
 #30: PIN_ROOT=/u/aa8qz/_tools/pin
 #31: SPEC=/u/aa8qz/lava/spec_2017
 #32: PULSE_CLIENTCONFIG=/usr/NX/var/run/nxdevice/D-1006-9E7C4421EA9BAC5F1CE00AEA2C8E4D80/audio/client.conf
 #33: PULSE_SCRIPT=/usr/NX/var/run/nxdevice/D-1006-9E7C4421EA9BAC5F1CE00AEA2C8E4D80/audio/default.pa
 #34: MAIL=/var/spool/mail/aa8qz
 #35: MODULE_VERSION=3.2.10
 #36: PATH=/u/aa8qz/lava/spec_2017/bin:/sw/centos/python/3.6.2/bin:/sw/centos/gcc/current/bin:/sw/centos/cmake/current/bin:/usr/lib64/qt-3.3/bin:/usr/local/sbin:/usr/local/bin:/usr/sbin:/usr/bin:/sbin:/bin:/bin:/usr/bin:/usr/X11R6/bin:/opt/puppetlabs/bin:/p/lava/alif/llvm/bin:/u/aa8qz/bin:/p/lava/alif/llvm/bin:/u/aa8qz/bin:/p/lava/alif/llvm/bin
 #37: NXDIR=/usr/NX
 #38: QT_IM_MODULE=ibus
 #39: F90=/sw/centos/gcc/current/bin/gfortran
 #40: PWD=/u/aa8qz/lava/spec_2017/benchspec/CPU/531.deepsjeng_r/run/run_base_refrate_mytest-m64.0000
 #41: _LMFILES_=/sw/centos/Modules/modulefiles/cmake:/sw/centos/Modules/modulefiles/gcc:/sw/centos/Modules/modulefiles/python3
 #42: XMODIFIERS=@im=ibus
 #43: LANG=en_US.UTF-8
 #44: MODULEPATH=/sw/centos/Modules/modulefiles:/sw/linux-any/Modules/modulefiles
 #45: LOADEDMODULES=cmake:gcc:python3
 #46: KDEDIRS=/usr
 #47: NX_SYSTEM=/usr/NX
 #48: F77=/sw/centos/gcc/current/bin/gfortran
 #49: HISTCONTROL=ignoredups
 #50: DBUS_STARTER_BUS_TYPE=session
 #51: NX_CUPS_BIN=/usr/bin
 #52: SHLVL=3
 #53: HOME=/u/aa8qz
 #54: LD_INCLUDE_PATH=/sw/centos/python/3.6.2/include:/sw/centos/gcc/current/include
 #55: GNOME_DESKTOP_SESSION_ID=this-is-deprecated
 #56: FC=/sw/centos/gcc/current/bin/gfortran
 #57: GCC=/sw/centos/gcc/current/bin/gcc
 #58: LOGNAME=aa8qz
 #59: CVS_RSH=ssh
 #60: QTLIB=/usr/lib64/qt-3.3/lib
 #61: DBUS_SESSION_BUS_ADDRESS=unix:abstract=/tmp/dbus-sqoZLsuL0r,guid=18d0e75fbc291afba3a8bfcf60ee890e
 #62: XDG_DATA_DIRS=/u/aa8qz/.local/share/flatpak/exports/share:/var/lib/flatpak/exports/share:/usr/local/share:/usr/share
 #63: LC_LANG=C
 #64: MODULESHOME=/sw/centos/Modules/3.2.10
 #65: LESSOPEN=||/usr/bin/lesspipe.sh %s
 #66: CC=/sw/centos/gcc/current/bin/gcc
 #67: XDG_RUNTIME_DIR=/run/user/1364169
 #68: DISPLAY=:1006
 #69: QT_PLUGIN_PATH=/usr/lib64/kde4/plugins:/usr/lib/kde4/plugins
 #70: XDG_CURRENT_DESKTOP=GNOME
 #71: NX_ROOT=/u/aa8qz/.nx
 #72: NX_TEMP=/tmp
 #73: XAUTHORITY=/u/aa8qz/.Xauthority
 #74: COLORTERM=truecolor
 #75: BASH_FUNC_module()=() {  eval `/sw/centos/Modules/$MODULE_VERSION/bin/modulecmd bash $*`
}
 #76: OLDPWD=/u/aa8qz/lava/spec_2017/benchspec/CPU/531.deepsjeng_r/build/build_base_mytest-m64.0000
 #77: _=/u/aa8qz/lava/spec_2017/bin/specinvoke
running commands in speccmds.cmd 1 times
runs started at		1626293080, 526141000, Wed Jul 14 16:04:40 2021
run 1 started at	1626293080, 526514000, Wed Jul 14 16:04:40 2021
child started: 0,	1626293080, 526538000, pid=20339, '../run_base_refrate_mytest-m64.0000/deepsjeng_r_base.mytest-m64 ref.txt > ref.out 2>> ref.err'
child finished: 0,	1626293080, 535637000, sec=0, nsec=9099000, pid=20339, rc=32512
run 1 finished at:	1626293080, 535662000, Wed Jul 14 16:04:40 2021
run 1 elapsed time:	         0, 009148000, 0.009148000
runs finished at	1626293080, 535690000, Wed Jul 14 16:04:40 2021
runs elapsed time:	         0, 009549000, 0.009549000
error: a total of 1 children finished with errors
specinvoke exit: rc=0
