# specinvoke r4356
#  Invoked as: /u/aa8qz/lava/spec_2017/bin/specinvoke -d /u/aa8qz/lava/spec_2017/benchspec/CPU/520.omnetpp_r/run/run_base_refrate_mytest-m64.0000 -f compare.cmd -E -e compare.err -o compare.stdout -nn
# timer ticks over every 1000 ns
# Environment in effect for these runs:
BASH_FUNC_module()='() {  eval `/sw/centos/Modules/$MODULE_VERSION/bin/modulecmd bash $*` }'
CC=/sw/centos/gcc/current/bin/gcc
COLORTERM=truecolor
CVS_RSH=ssh
DBUS_SESSION_BUS_ADDRESS='unix:abstract=/tmp/dbus-sqoZLsuL0r,guid=18d0e75fbc291afba3a8bfcf60ee890e'
DBUS_STARTER_ADDRESS='unix:abstract=/tmp/dbus-sqoZLsuL0r,guid=18d0e75fbc291afba3a8bfcf60ee890e'
DBUS_STARTER_BUS_TYPE=session
DISPLAY=:1006
F77=/sw/centos/gcc/current/bin/gfortran
F90=/sw/centos/gcc/current/bin/gfortran
FC=/sw/centos/gcc/current/bin/gfortran
GCC=/sw/centos/gcc/current/bin/gcc
GNOME_DESKTOP_SESSION_ID=this-is-deprecated
GNOME_TERMINAL_SCREEN=/org/gnome/Terminal/screen/bda295d9_2009_42d6_8c34_7da80e89ee4c
GNOME_TERMINAL_SERVICE=:1.218
HISTCONTROL=ignoredups
HISTSIZE=1000
HOME=/u/aa8qz
HOSTNAME=labsrv04
KDEDIRS=/usr
LANG=en_US.UTF-8
LC_ALL=C
LC_LANG=C
LD_INCLUDE_PATH=/sw/centos/python/3.6.2/include:/sw/centos/gcc/current/include
LD_LIBRARY_PATH=/sw/centos/gcc/current/lib64/:/sw/centos/gcc/current/lib/:/lib64
LESSOPEN='||/usr/bin/lesspipe.sh %s'
LIBC_FATAL_STDERR_=1
LIBRARY_PATH=/usr/lib/x86_64-linux-gnu:/lib/x86_64-linux-gnu:/usr/lib/x86_64-linux-gnu:/lib/x86_64-linux-gnu:
LOADEDMODULES=cmake:gcc:python3
LOGNAME=aa8qz
LS_COLORS='rs=0:di=38;5;27:ln=38;5;51:mh=44;38;5;15:pi=40;38;5;11:so=38;5;13:do=38;5;5:bd=48;5;232;38;5;11:cd=48;5;232;38;5;3:or=48;5;232;38;5;9:mi=05;48;5;232;38;5;15:su=48;5;196;38;5;15:sg=48;5;11;38;5;16:ca=48;5;196;38;5;226:tw=48;5;10;38;5;16:ow=48;5;10;38;5;21:st=48;5;21;38;5;15:ex=38;5;34:*.tar=38;5;9:*.tgz=38;5;9:*.arc=38;5;9:*.arj=38;5;9:*.taz=38;5;9:*.lha=38;5;9:*.lz4=38;5;9:*.lzh=38;5;9:*.lzma=38;5;9:*.tlz=38;5;9:*.txz=38;5;9:*.tzo=38;5;9:*.t7z=38;5;9:*.zip=38;5;9:*.z=38;5;9:*.Z=38;5;9:*.dz=38;5;9:*.gz=38;5;9:*.lrz=38;5;9:*.lz=38;5;9:*.lzo=38;5;9:*.xz=38;5;9:*.bz2=38;5;9:*.bz=38;5;9:*.tbz=38;5;9:*.tbz2=38;5;9:*.tz=38;5;9:*.deb=38;5;9:*.rpm=38;5;9:*.jar=38;5;9:*.war=38;5;9:*.ear=38;5;9:*.sar=38;5;9:*.rar=38;5;9:*.alz=38;5;9:*.ace=38;5;9:*.zoo=38;5;9:*.cpio=38;5;9:*.7z=38;5;9:*.rz=38;5;9:*.cab=38;5;9:*.jpg=38;5;13:*.jpeg=38;5;13:*.gif=38;5;13:*.bmp=38;5;13:*.pbm=38;5;13:*.pgm=38;5;13:*.ppm=38;5;13:*.tga=38;5;13:*.xbm=38;5;13:*.xpm=38;5;13:*.tif=38;5;13:*.tiff=38;5;13:*.png=38;5;13:*.svg=38;5;13:*.svgz=38;5;13:*.mng=38;5;13:*.pcx=38;5;13:*.mov=38;5;13:*.mpg=38;5;13:*.mpeg=38;5;13:*.m2v=38;5;13:*.mkv=38;5;13:*.webm=38;5;13:*.ogm=38;5;13:*.mp4=38;5;13:*.m4v=38;5;13:*.mp4v=38;5;13:*.vob=38;5;13:*.qt=38;5;13:*.nuv=38;5;13:*.wmv=38;5;13:*.asf=38;5;13:*.rm=38;5;13:*.rmvb=38;5;13:*.flc=38;5;13:*.avi=38;5;13:*.fli=38;5;13:*.flv=38;5;13:*.gl=38;5;13:*.dl=38;5;13:*.xcf=38;5;13:*.xwd=38;5;13:*.yuv=38;5;13:*.cgm=38;5;13:*.emf=38;5;13:*.axv=38;5;13:*.anx=38;5;13:*.ogv=38;5;13:*.ogx=38;5;13:*.aac=38;5;45:*.au=38;5;45:*.flac=38;5;45:*.mid=38;5;45:*.midi=38;5;45:*.mka=38;5;45:*.mp3=38;5;45:*.mpc=38;5;45:*.ogg=38;5;45:*.ra=38;5;45:*.wav=38;5;45:*.axa=38;5;45:*.oga=38;5;45:*.spx=38;5;45:*.xspf=38;5;45:'
MAIL=/var/spool/mail/aa8qz
MANPATH=:/sw/centos/python/3.6.2/share/man:/sw/centos/gcc/current/man:/opt/puppetlabs/puppet/share/man
MODULEPATH=/sw/centos/Modules/modulefiles:/sw/linux-any/Modules/modulefiles
MODULESHOME=/sw/centos/Modules/3.2.10
MODULE_VERSION=3.2.10
MODULE_VERSION_STACK=3.2.10
NXDIR=/usr/NX
NX_CLIENT=/usr/NX/bin/nxclient
NX_CUPS_BIN=/usr/bin
NX_ROOT=/u/aa8qz/.nx
NX_SESSION_ID=9E7C4421EA9BAC5F1CE00AEA2C8E4D80
NX_SYSTEM=/usr/NX
NX_TEMP=/tmp
OMP_NUM_THREADS=1
OMP_THREAD_LIMIT=1
PATH=/u/aa8qz/lava/spec_2017/bin:/sw/centos/python/3.6.2/bin:/sw/centos/gcc/current/bin:/sw/centos/cmake/current/bin:/usr/lib64/qt-3.3/bin:/usr/local/sbin:/usr/local/bin:/usr/sbin:/usr/bin:/sbin:/bin:/bin:/usr/bin:/usr/X11R6/bin:/opt/puppetlabs/bin:/p/lava/alif/llvm/bin:/u/aa8qz/bin:/p/lava/alif/llvm/bin:/u/aa8qz/bin:/p/lava/alif/llvm/bin
PIN_ROOT=/u/aa8qz/_tools/pin
PULSE_CLIENTCONFIG=/usr/NX/var/run/nxdevice/D-1006-9E7C4421EA9BAC5F1CE00AEA2C8E4D80/audio/client.conf
PULSE_CONFIG=/usr/NX/var/run/nxdevice/D-1006-9E7C4421EA9BAC5F1CE00AEA2C8E4D80/audio/daemon.conf
PULSE_SCRIPT=/usr/NX/var/run/nxdevice/D-1006-9E7C4421EA9BAC5F1CE00AEA2C8E4D80/audio/default.pa
PULSE_SERVER=/usr/NX/var/run/nxdevice/D-1006-9E7C4421EA9BAC5F1CE00AEA2C8E4D80/audio/native.socket
QTDIR=/usr/lib64/qt-3.3
QTINC=/usr/lib64/qt-3.3/include
QTLIB=/usr/lib64/qt-3.3/lib
QT_GRAPHICSSYSTEM_CHECKED=1
QT_IM_MODULE=ibus
QT_PLUGIN_PATH=/usr/lib64/kde4/plugins:/usr/lib/kde4/plugins
SESSION_MANAGER=local/unix:@/tmp/.ICE-unix/25066,unix/unix:/tmp/.ICE-unix/25066
SHELL=/bin/bash
SPEC=/u/aa8qz/lava/spec_2017
SPECDB_PWD=/u/aa8qz/lava/spec_2017/config
SPECPERLLIB=/u/aa8qz/lava/spec_2017/bin/lib:/u/aa8qz/lava/spec_2017/bin
SSH_AGENT_PID=25197
SSH_AUTH_SOCK=/run/user/1364169/keyring/ssh
TERM=xterm-256color
USER=aa8qz
USERNAME=aa8qz
VTE_VERSION=5202
XAUTHORITY=/u/aa8qz/.Xauthority
XDG_CURRENT_DESKTOP=GNOME
XDG_DATA_DIRS=/u/aa8qz/.local/share/flatpak/exports/share:/var/lib/flatpak/exports/share:/usr/local/share:/usr/share
XDG_MENU_PREFIX=gnome-
XDG_RUNTIME_DIR=/run/user/1364169
XDG_SESSION_ID=15972
XMODIFIERS='@im=ibus'
_LMFILES_=/sw/centos/Modules/modulefiles/cmake:/sw/centos/Modules/modulefiles/gcc:/sw/centos/Modules/modulefiles/python3
export BASH_FUNC_module() CC COLORTERM CVS_RSH DBUS_SESSION_BUS_ADDRESS
export DBUS_STARTER_ADDRESS DBUS_STARTER_BUS_TYPE DISPLAY F77 F90 FC GCC
export GNOME_DESKTOP_SESSION_ID GNOME_TERMINAL_SCREEN GNOME_TERMINAL_SERVICE
export HISTCONTROL HISTSIZE HOME HOSTNAME KDEDIRS LANG LC_ALL LC_LANG
export LD_INCLUDE_PATH LD_LIBRARY_PATH LESSOPEN LIBC_FATAL_STDERR_ LIBRARY_PATH
export LOADEDMODULES LOGNAME LS_COLORS MAIL MANPATH MODULEPATH MODULESHOME
export MODULE_VERSION MODULE_VERSION_STACK NXDIR NX_CLIENT NX_CUPS_BIN NX_ROOT
export NX_SESSION_ID NX_SYSTEM NX_TEMP OMP_NUM_THREADS OMP_THREAD_LIMIT PATH
export PIN_ROOT PULSE_CLIENTCONFIG PULSE_CONFIG PULSE_SCRIPT PULSE_SERVER QTDIR
export QTINC QTLIB QT_GRAPHICSSYSTEM_CHECKED QT_IM_MODULE QT_PLUGIN_PATH
export SESSION_MANAGER SHELL SPEC SPECDB_PWD SPECPERLLIB SSH_AGENT_PID
export SSH_AUTH_SOCK TERM USER USERNAME VTE_VERSION XAUTHORITY
export XDG_CURRENT_DESKTOP XDG_DATA_DIRS XDG_MENU_PREFIX XDG_RUNTIME_DIR
export XDG_SESSION_ID XMODIFIERS _LMFILES_
unset SHLVL
unset PWD
# Starting run for copy #0
cd /u/aa8qz/lava/spec_2017/benchspec/CPU/520.omnetpp_r/run/run_base_refrate_mytest-m64.0000
/u/aa8qz/lava/spec_2017/bin/specperl /u/aa8qz/lava/spec_2017/bin/harness/specdiff -m -l 10 --abstol 1e-06 --reltol 1e-05 /u/aa8qz/lava/spec_2017/benchspec/CPU/520.omnetpp_r/data/refrate/output/General-0.sca General-0.sca > General-0.sca.cmp
specinvoke exit: rc=0
